<?xml version="1.0" encoding="UTF-8"?>
<robot generator="Robot 5.0.1 (Python 3.9.13 on win32)" generated="20221021 14:22:09.623" rpa="false" schemaversion="3">
<suite id="s1" name="Index" source="D:\Suchi\code\git\robotframework\index.robot">
<test id="s1-t1" name="Valid Login" line="11">
<kw name="Open Browser To Login Page">
<kw name="Open Browser" library="SeleniumLibrary">
<arg>${LOGIN URL}</arg>
<arg>${BROWSER}</arg>
<doc>Opens a new browser instance to the optional ``url``.</doc>
<msg timestamp="20221021 14:22:09.770" level="INFO">Opening browser 'Chrome' to base url 'https://twitter.com/'.</msg>
<status status="PASS" starttime="20221021 14:22:09.770" endtime="20221021 14:22:11.680"/>
</kw>
<kw name="Title Should Be" library="SeleniumLibrary">
<arg>Twitter</arg>
<doc>Verifies that the current page title equals ``title``.</doc>
<msg timestamp="20221021 14:22:11.695" level="INFO">Page title is 'Twitter'.</msg>
<status status="PASS" starttime="20221021 14:22:11.680" endtime="20221021 14:22:11.695"/>
</kw>
<kw name="Maximize Browser Window" library="SeleniumLibrary">
<doc>Maximizes current browser window.</doc>
<status status="PASS" starttime="20221021 14:22:11.695" endtime="20221021 14:22:11.908"/>
</kw>
<kw name="Click Element" library="SeleniumLibrary">
<arg>${signinbutton}</arg>
<doc>Click the element identified by ``locator``.</doc>
<msg timestamp="20221021 14:22:11.909" level="INFO">Clicking element 'xpath=//a[@href = "/login"]'.</msg>
<status status="PASS" starttime="20221021 14:22:11.909" endtime="20221021 14:22:12.052"/>
</kw>
<kw name="Click Button" library="SeleniumLibrary">
<arg>${Acceptallcookies}</arg>
<doc>Clicks the button identified by ``locator``.</doc>
<msg timestamp="20221021 14:22:12.053" level="INFO">Clicking button 'xpath=//span[contains(@class,'css-901oao css-16my406 r-poiln3 r-bcqeeo r-qvutc0')]'.</msg>
<msg timestamp="20221021 14:22:12.548" level="INFO" html="true">&lt;/td&gt;&lt;/tr&gt;&lt;tr&gt;&lt;td colspan="3"&gt;&lt;a href="selenium-screenshot-6.png"&gt;&lt;img src="selenium-screenshot-6.png" width="800px"&gt;&lt;/a&gt;</msg>
<msg timestamp="20221021 14:22:12.549" level="FAIL">StaleElementReferenceException: Message: stale element reference: element is not attached to the page document
  (Session info: chrome=106.0.5249.119)
Stacktrace:
Backtrace:
	Ordinal0 [0x002C1ED3+2236115]
	Ordinal0 [0x002592F1+1807089]
	Ordinal0 [0x001666FD+812797]
	Ordinal0 [0x001692B4+823988]
	Ordinal0 [0x00169165+823653]
	Ordinal0 [0x00169400+824320]
	Ordinal0 [0x001912E4+987876]
	Ordinal0 [0x001B1A8C+1120908]
	Ordinal0 [0x0018BD84+966020]
	Ordinal0 [0x001B1CA4+1121444]
	Ordinal0 [0x001C59E2+1202658]
	Ordinal0 [0x001B18A6+1120422]
	Ordinal0 [0x0018A73D+960317]
	Ordinal0 [0x0018B71F+964383]
	GetHandleVerifier [0x0056E7E2+2743074]
	GetHandleVerifier [0x005608D4+2685972]
	GetHandleVerifier [0x00352BAA+532202]
	GetHandleVerifier [0x00351990+527568]
	Ordinal0 [0x0026080C+1837068]
	Ordinal0 [0x00264CD8+1854680]
	Ordinal0 [0x00264DC5+1854917]
	Ordinal0 [0x0026ED64+1895780]
	BaseThreadInitThunk [0x76C2FA29+25]
	RtlGetAppContainerNamedObjectPath [0x77227BBE+286]
	RtlGetAppContainerNamedObjectPath [0x77227B8E+238]
	(No symbol) [0x00000000]
</msg>
<status status="FAIL" starttime="20221021 14:22:12.053" endtime="20221021 14:22:12.569"/>
</kw>
<status status="FAIL" starttime="20221021 14:22:09.770" endtime="20221021 14:22:12.569"/>
</kw>
<kw name="Input Username">
<arg>junesuchi@gmail.com</arg>
<status status="NOT RUN" starttime="20221021 14:22:12.570" endtime="20221021 14:22:12.570"/>
</kw>
<kw name="Input Password">
<arg>Germany@2022</arg>
<status status="NOT RUN" starttime="20221021 14:22:12.570" endtime="20221021 14:22:12.570"/>
</kw>
<kw name="Submit Credentials">
<status status="NOT RUN" starttime="20221021 14:22:12.571" endtime="20221021 14:22:12.571"/>
</kw>
<status status="FAIL" starttime="20221021 14:22:09.757" endtime="20221021 14:22:12.571">StaleElementReferenceException: Message: stale element reference: element is not attached to the page document
  (Session info: chrome=106.0.5249.119)
Stacktrace:
Backtrace:
	Ordinal0 [0x002C1ED3+2236115]
	Ordinal0 [0x002592F1+1807089]
	Ordinal0 [0x001666FD+812797]
	Ordinal0 [0x001692B4+823988]
	Ordinal0 [0x00169165+823653]
	Ordinal0 [0x00169400+824320]
	Ordinal0 [0x001912E4+987876]
	Ordinal0 [0x001B1A8C+1120908]
	Ordinal0 [0x0018BD84+966020]
	Ordinal0 [0x001B1CA4+1121444]
	Ordinal0 [0x001C59E2+1202658]
	Ordinal0 [0x001B18A6+1120422]
	Ordinal0 [0x0018A73D+960317]
	Ordinal0 [0x0018B71F+964383]
	GetHandleVerifier [0x0056E7E2+2743074]
	GetHandleVerifier [0x005608D4+2685972]
	GetHandleVerifier [0x00352BAA+532202]
	GetHandleVerifier [0x00351990+527568]
	Ordinal0 [0x0026080C+1837068]
	Ordinal0 [0x00264CD8+1854680]
	Ordinal0 [0x00264DC5+1854917]
	Ordinal0 [0x0026ED64+1895780]
	BaseThreadInitThunk [0x76C2FA29+25]
	RtlGetAppContainerNamedObjectPath [0x77227BBE+286]
	RtlGetAppContainerNamedObjectPath [0x77227B8E+238]
	(No symbol) [0x00000000]
</status>
</test>
<doc>Simple example using SeleniumLibrary.</doc>
<status status="FAIL" starttime="20221021 14:22:09.623" endtime="20221021 14:22:12.574"/>
</suite>
<statistics>
<total>
<stat pass="0" fail="1" skip="0">All Tests</stat>
</total>
<tag>
</tag>
<suite>
<stat pass="0" fail="1" skip="0" id="s1" name="Index">Index</stat>
</suite>
</statistics>
<errors>
</errors>
</robot>
